========================================
Jackal 2022-10-31 12:23:40
# github.com/jackal-dao/canine/x/dsig
x/dsig/genesis_test.go:6:2: package dsig/testutil/keeper is not in GOROOT (/usr/lib/go/src/dsig/testutil/keeper)
# github.com/jackal-dao/canine/x/dsig/client/cli
x/dsig/client/cli/query_form_test.go:15:2: package dsig/testutil/network is not in GOROOT (/usr/lib/go/src/dsig/testutil/network)
# github.com/jackal-dao/canine/x/dsig/keeper
x/dsig/genesis_test.go:6:2: package dsig/testutil/keeper is not in GOROOT (/usr/lib/go/src/dsig/testutil/keeper)
# github.com/jackal-dao/canine/x/dsig/types
x/dsig/types/message_createform_test.go:6:2: package dsig/testutil/sample is not in GOROOT (/usr/lib/go/src/dsig/testutil/sample)
# github.com/jackal-dao/canine/x/lp
x/lp/genesis_test.go:6:2: package canine-LP/testutil/keeper is not in GOROOT (/usr/lib/go/src/canine-LP/testutil/keeper)
# github.com/jackal-dao/canine/testutil/keeper
testutil/keeper/filetree.go:43:3: not enough arguments in call to keeper.NewKeeper
	have (*codec.ProtoCodec, *"github.com/cosmos/cosmos-sdk/store/types".KVStoreKey, *"github.com/cosmos/cosmos-sdk/store/types".MemoryStoreKey, "github.com/cosmos/cosmos-sdk/x/params/types".Subspace)
	want (codec.BinaryCodec, "github.com/cosmos/cosmos-sdk/store/types".StoreKey, "github.com/cosmos/cosmos-sdk/store/types".StoreKey, "github.com/cosmos/cosmos-sdk/x/params/types".Subspace, "github.com/jackal-dao/canine/x/rns/keeper".Keeper, "github.com/jackal-dao/canine/x/notifications/keeper".Keeper)
testutil/keeper/jklmint.go:46:3: not enough arguments in call to keeper.NewKeeper
	have (*codec.ProtoCodec, *"github.com/cosmos/cosmos-sdk/store/types".KVStoreKey, *"github.com/cosmos/cosmos-sdk/store/types".MemoryStoreKey, "github.com/cosmos/cosmos-sdk/x/params/types".Subspace, nil, nil, nil)
	want (codec.BinaryCodec, "github.com/cosmos/cosmos-sdk/store/types".StoreKey, "github.com/cosmos/cosmos-sdk/x/params/types".Subspace, "github.com/jackal-dao/canine/x/jklmint/types".StakingKeeper, "github.com/jackal-dao/canine/x/jklmint/types".AccountKeeper, "github.com/jackal-dao/canine/x/jklmint/types".BankKeeper, string, string)
testutil/keeper/jklmint.go:54:9: cannot use k (variable of type "github.com/jackal-dao/canine/x/jklmint/keeper".Keeper) as type *"github.com/jackal-dao/canine/x/jklmint/keeper".Keeper in return statement
testutil/keeper/storage.go:43:3: not enough arguments in call to keeper.NewKeeper
	have (*codec.ProtoCodec, *"github.com/cosmos/cosmos-sdk/store/types".KVStoreKey, *"github.com/cosmos/cosmos-sdk/store/types".MemoryStoreKey, "github.com/cosmos/cosmos-sdk/x/params/types".Subspace)
	want (codec.BinaryCodec, "github.com/cosmos/cosmos-sdk/store/types".StoreKey, "github.com/cosmos/cosmos-sdk/store/types".StoreKey, "github.com/cosmos/cosmos-sdk/x/params/types".Subspace, "github.com/jackal-dao/canine/x/storage/types".BankKeeper)
# github.com/jackal-dao/canine/x/lp/types [github.com/jackal-dao/canine/x/lp/types.test]
x/lp/types/message_exit_pool_test.go:14:8: undefined: MsgWithdrawLPool
x/lp/types/message_exit_pool_test.go:19:9: undefined: MsgWithdrawLPool
x/lp/types/message_exit_pool_test.go:25:9: undefined: MsgWithdrawLPool
x/lp/types/message_join_pool_test.go:14:8: undefined: MsgDepositLPool
x/lp/types/message_join_pool_test.go:19:9: undefined: MsgDepositLPool
x/lp/types/message_join_pool_test.go:25:9: undefined: MsgDepositLPool
# github.com/jackal-dao/canine/x/filetree/types_test [github.com/jackal-dao/canine/x/filetree/types.test]
x/filetree/types/genesis_test.go:41:5: unknown field 'Tracker' in struct literal of type "github.com/jackal-dao/canine/x/filetree/types".GenesisState
# github.com/jackal-dao/canine/testutil/network
testutil/network/network.go:59:5: cannot use encoding (variable of type cosmoscmd.EncodingConfig) as type "github.com/jackal-dao/canine/app/params".EncodingConfig in argument to app.NewWasmApp
testutil/network/network.go:60:5: cannot use simapp.EmptyAppOptions{} (value of type simapp.EmptyAppOptions) as type []"github.com/CosmWasm/wasmd/x/wasm/types".ProposalType in argument to app.NewWasmApp
testutil/network/network.go:61:5: cannot use baseapp.SetPruning(storetypes.NewPruningOptionsFromString(val.AppConfig.Pruning)) (value of type func(*baseapp.BaseApp)) as type "github.com/cosmos/cosmos-sdk/server/types".AppOptions in argument to app.NewWasmApp:
	func(*baseapp.BaseApp) does not implement "github.com/cosmos/cosmos-sdk/server/types".AppOptions (missing Get method)
testutil/network/network.go:62:5: cannot use baseapp.SetMinGasPrices(val.AppConfig.MinGasPrices) (value of type func(*baseapp.BaseApp)) as type []"github.com/CosmWasm/wasmd/x/wasm/keeper".Option in argument to app.NewWasmApp


========================================
Emoney 2022-10-31 12:25:59
# github.com/ixofoundation/ixo-blockchain/cmd
cmd/test_helpers.go:40:122: not enough arguments in call to app.NewIxoApp
	have ("github.com/tendermint/tendermint/libs/log".Logger, *db.MemDB, nil, bool, map[int64]bool, string, uint, params.EncodingConfig, EmptyAppOptions)
	want ("github.com/tendermint/tendermint/libs/log".Logger, db.DB, "io".Writer, bool, map[int64]bool, string, uint, params.EncodingConfig, []"github.com/CosmWasm/wasmd/x/wasm/types".ProposalType, "github.com/cosmos/cosmos-sdk/server/types".AppOptions, []"github.com/CosmWasm/wasmd/x/wasm/keeper".Option, ...func(*baseapp.BaseApp))
# github.com/ixofoundation/ixo-blockchain/app [github.com/ixofoundation/ixo-blockchain/app.test]
app/app_test.go:18:49: not enough arguments in call to NewIxoApp
	have ("github.com/tendermint/tendermint/libs/log".Logger, *db.MemDB, nil, bool, map[int64]bool, string, number, "github.com/ixofoundation/ixo-blockchain/app/params".EncodingConfig, EmptyAppOptions)
	want ("github.com/tendermint/tendermint/libs/log".Logger, db.DB, "io".Writer, bool, map[int64]bool, string, uint, "github.com/ixofoundation/ixo-blockchain/app/params".EncodingConfig, []"github.com/CosmWasm/wasmd/x/wasm/types".ProposalType, "github.com/cosmos/cosmos-sdk/server/types".AppOptions, []"github.com/CosmWasm/wasmd/x/wasm/keeper".Option, ...func(*baseapp.BaseApp))
app/app_test.go:40:49: not enough arguments in call to NewIxoApp
	have ("github.com/tendermint/tendermint/libs/log".Logger, *db.MemDB, nil, bool, map[int64]bool, string, number, "github.com/ixofoundation/ixo-blockchain/app/params".EncodingConfig, EmptyAppOptions)
	want ("github.com/tendermint/tendermint/libs/log".Logger, db.DB, "io".Writer, bool, map[int64]bool, string, uint, "github.com/ixofoundation/ixo-blockchain/app/params".EncodingConfig, []"github.com/CosmWasm/wasmd/x/wasm/types".ProposalType, "github.com/cosmos/cosmos-sdk/server/types".AppOptions, []"github.com/CosmWasm/wasmd/x/wasm/keeper".Option, ...func(*baseapp.BaseApp))
app/common_test.go:37:113: not enough arguments in call to NewIxoApp
	have ("github.com/tendermint/tendermint/libs/log".Logger, *db.MemDB, nil, bool, map[int64]bool, string, uint, "github.com/ixofoundation/ixo-blockchain/app/params".EncodingConfig, EmptyAppOptions)
	want ("github.com/tendermint/tendermint/libs/log".Logger, db.DB, "io".Writer, bool, map[int64]bool, string, uint, "github.com/ixofoundation/ixo-blockchain/app/params".EncodingConfig, []"github.com/CosmWasm/wasmd/x/wasm/types".ProposalType, "github.com/cosmos/cosmos-sdk/server/types".AppOptions, []"github.com/CosmWasm/wasmd/x/wasm/keeper".Option, ...func(*baseapp.BaseApp))


========================================
Secret 2022-10-31 12:26:34
# github.com/scrtlabs/SecretNetwork/x/registration.test
/usr/lib/go/pkg/tool/linux_amd64/link: running gcc failed: exit status 1
/usr/bin/ld: cannot find -lgo_cosmwasm: No such file or directory
collect2: error: ld returned 1 exit status

# github.com/scrtlabs/SecretNetwork/x/mauth/keeper_test [github.com/scrtlabs/SecretNetwork/x/mauth/keeper.test]
x/mauth/keeper/msg_server_test.go:46:35: suite.GetICAApp(suite.chainA).ICAControllerKeeper undefined (type *app.SecretNetworkApp has no field or method ICAControllerKeeper)
x/mauth/keeper/msg_server_test.go:65:68: suite.GetICAApp(suite.chainA).ICAAuthKeeper undefined (type *app.SecretNetworkApp has no field or method ICAAuthKeeper)
# github.com/scrtlabs/SecretNetwork/cmd/secretd
cmd/secretd/attestation.go:93:21: undefined: Asset
cmd/secretd/attestation.go:98:23: undefined: Asset
cmd/secretd/attestation.go:139:21: undefined: Asset
cmd/secretd/attestation.go:144:23: undefined: Asset
cmd/secretd/attestation.go:430:21: undefined: Asset
cmd/secretd/attestation.go:435:23: undefined: Asset
# github.com/scrtlabs/SecretNetwork/x/compute/client/utils.test
/usr/lib/go/pkg/tool/linux_amd64/link: running gcc failed: exit status 1
/usr/bin/ld: cannot find -lgo_cosmwasm: No such file or directory
collect2: error: ld returned 1 exit status

# github.com/scrtlabs/SecretNetwork/x/compute/internal/keeper.test
/usr/lib/go/pkg/tool/linux_amd64/link: running gcc failed: exit status 1
/usr/bin/ld: cannot find -lgo_cosmwasm: No such file or directory
collect2: error: ld returned 1 exit status


========================================
LikeCoin 2022-10-31 12:28:46

# github.com/likecoin/likecoin-chain/v3/x/likenft/testutil
x/likenft/testutil/keeper_for_blind_box.go:17:19: undefined: NewMockAccountKeeper
x/likenft/testutil/keeper_for_blind_box.go:18:16: undefined: NewMockBankKeeper
x/likenft/testutil/keeper_for_blind_box.go:19:16: undefined: NewMockIscnKeeper
x/likenft/testutil/keeper_for_blind_box.go:20:15: undefined: NewMockNftKeeper